  CppParser.cpp
F:\MyProjects\VS_Projects\Util\include\Util\String.h(477,1): warning C4267: 'initializing': conversion from 'size_t' to 'int', possible loss of data
F:\MyProjects\VS_Projects\Util\include\Util\String.h(476): message : while compiling class template member function 'void TBaseString<char>::ReplaceAll(T,T,SizeType)'
          with
          [
              T=char
          ]
F:\MyProjects\VS_Projects\ThoriumEngine\src\HeaderTool\src\CppParser.cpp(232): message : see reference to function template instantiation 'void TBaseString<char>::ReplaceAll(T,T,SizeType)' being compiled
          with
          [
              T=char
          ]
F:\MyProjects\VS_Projects\Util\include\Util\String.h(649): message : see reference to class template instantiation 'TBaseString<char>' being compiled
  CppTypes.cpp
  CppWriter.cpp
F:\MyProjects\VS_Projects\ThoriumEngine\src\HeaderTool\src\CppWriter.cpp(645,92): warning C4806: '==': unsafe operation: no value of type 'bool' promoted to type 'CppFunction::EType' can equal the given constant
  main.cpp
  Generating Code...
  HeaderTool.vcxproj -> F:\MyProjects\VS_Projects\ThoriumEngine\src\build\x64-Debug\HeaderTool.exe
  F:\MyProjects\VS_Projects\ThoriumEngine\src\build\x64-Debug\HeaderTool.exe
  1 File(s) copied
