  EditorEngine.cpp
  Main.cpp
  ToolsCore.cpp
  ModuleDebugger.cpp
  EditorWindow.cpp
  OutlinerWidget.cpp
  ProjectManagerWindow.cpp
  ToolsWindow.cpp
  AssetBrowser.cpp
  AssetTree.cpp
  ClassSelectorDialog.cpp
  CollapsableWidget.cpp
  ConsoleWidget.cpp
  RenderWidget.cpp
  WorldViewportWidget.cpp
  moc_ModuleDebugger.cpp
  moc_AssetBrowser.cpp
  moc_EditorPreferences.cpp
  moc_OutlinerWidget.cpp
  moc_ToolsWindow.cpp
  moc_ProjectManagerWindow.cpp
  moc_EditorWindow.cpp
  moc_AssetTree.cpp
  moc_WorldViewportWidget.cpp
  moc_RenderWidget.cpp
  moc_EditorViewport.cpp
  moc_ConsoleWidget.cpp
  moc_CollapsableWidget.cpp
  moc_ClassSelectorDialog.cpp
LINK : fatal error LNK1181: cannot open input file 'Engine.lib'
