f:\myprojects\vs_projects\thoriumengine\src\thorium sdk\intermediate\x64\debug\moc_editorwindow.obj
f:\myprojects\vs_projects\thoriumengine\src\thorium sdk\intermediate\x64\debug\moc_consolewidget.obj
f:\myprojects\vs_projects\thoriumengine\src\thorium sdk\intermediate\x64\debug\moc_worldviewportwidget.obj
f:\myprojects\vs_projects\thoriumengine\src\thorium sdk\intermediate\x64\debug\moc_editorviewport.obj
f:\myprojects\vs_projects\thoriumengine\src\thorium sdk\intermediate\x64\debug\moc_moduledebugger.obj
f:\myprojects\vs_projects\thoriumengine\src\thorium sdk\intermediate\x64\debug\moc_projectmanagerwindow.obj
f:\myprojects\vs_projects\thoriumengine\src\thorium sdk\intermediate\x64\debug\moc_assetbrowser.obj
f:\myprojects\vs_projects\thoriumengine\src\thorium sdk\intermediate\x64\debug\moc_renderwidget.obj
f:\myprojects\vs_projects\thoriumengine\src\thorium sdk\intermediate\x64\debug\moc_toolswindow.obj
f:\myprojects\vs_projects\thoriumengine\src\thorium sdk\intermediate\x64\debug\moduledebugger.obj
f:\myprojects\vs_projects\thoriumengine\src\thorium sdk\intermediate\x64\debug\assettree.obj
f:\myprojects\vs_projects\thoriumengine\src\thorium sdk\intermediate\x64\debug\toolscore.obj
f:\myprojects\vs_projects\thoriumengine\src\thorium sdk\intermediate\x64\debug\toolswindow.obj
f:\myprojects\vs_projects\thoriumengine\src\thorium sdk\intermediate\x64\debug\projectmanagerwindow.obj
f:\myprojects\vs_projects\thoriumengine\src\thorium sdk\intermediate\x64\debug\assetbrowser.obj
f:\myprojects\vs_projects\thoriumengine\src\thorium sdk\intermediate\x64\debug\worldviewportwidget.obj
f:\myprojects\vs_projects\thoriumengine\src\thorium sdk\intermediate\x64\debug\editorengine.obj
f:\myprojects\vs_projects\thoriumengine\src\thorium sdk\intermediate\x64\debug\classselectordialog.obj
f:\myprojects\vs_projects\thoriumengine\src\thorium sdk\intermediate\x64\debug\editorwindow.obj
f:\myprojects\vs_projects\thoriumengine\src\thorium sdk\intermediate\x64\debug\consolewidget.obj
f:\myprojects\vs_projects\thoriumengine\src\thorium sdk\intermediate\x64\debug\main.obj
f:\myprojects\vs_projects\thoriumengine\src\thorium sdk\intermediate\x64\debug\renderwidget.obj
f:\myprojects\vs_projects\thoriumengine\src\thorium sdk\intermediate\x64\debug\vc142.pdb
f:\myprojects\vs_projects\thoriumengine\src\thorium sdk\intermediate\x64\debug\collapsablewidget.obj
f:\myprojects\vs_projects\thoriumengine\src\build\x64-debug\thorium sdk.exe
f:\myprojects\vs_projects\thoriumengine\src\build\x64-debug\thorium sdk.ilk
f:\myprojects\vs_projects\thoriumengine\src\build\x64-debug\thorium sdk.pdb
f:\myprojects\vs_projects\thoriumengine\src\thorium sdk\intermediate\x64\debug\moc\moc_moduledebugger.cpp
f:\myprojects\vs_projects\thoriumengine\src\thorium sdk\intermediate\x64\debug\moc\moc_assetbrowser.cpp
f:\myprojects\vs_projects\thoriumengine\src\thorium sdk\intermediate\x64\debug\moc\moc_toolswindow.cpp
f:\myprojects\vs_projects\thoriumengine\src\thorium sdk\intermediate\x64\debug\moc\moc_projectmanagerwindow.cpp
f:\myprojects\vs_projects\thoriumengine\src\thorium sdk\intermediate\x64\debug\moc\moc_editorwindow.cpp
f:\myprojects\vs_projects\thoriumengine\src\thorium sdk\intermediate\x64\debug\moc\moc_worldviewportwidget.cpp
f:\myprojects\vs_projects\thoriumengine\src\thorium sdk\intermediate\x64\debug\moc\moc_renderwidget.cpp
f:\myprojects\vs_projects\thoriumengine\src\thorium sdk\intermediate\x64\debug\moc\moc_editorviewport.cpp
f:\myprojects\vs_projects\thoriumengine\src\thorium sdk\intermediate\x64\debug\moc\moc_consolewidget.cpp
f:\myprojects\vs_projects\thoriumengine\src\thorium sdk\intermediate\x64\debug\thorium sdk.tlog\cl.command.1.tlog
f:\myprojects\vs_projects\thoriumengine\src\thorium sdk\intermediate\x64\debug\thorium sdk.tlog\cl.read.1.tlog
f:\myprojects\vs_projects\thoriumengine\src\thorium sdk\intermediate\x64\debug\thorium sdk.tlog\cl.write.1.tlog
f:\myprojects\vs_projects\thoriumengine\src\thorium sdk\intermediate\x64\debug\thorium sdk.tlog\link-cvtres.read.1.tlog
f:\myprojects\vs_projects\thoriumengine\src\thorium sdk\intermediate\x64\debug\thorium sdk.tlog\link-cvtres.write.1.tlog
f:\myprojects\vs_projects\thoriumengine\src\thorium sdk\intermediate\x64\debug\thorium sdk.tlog\link-rc.read.1.tlog
f:\myprojects\vs_projects\thoriumengine\src\thorium sdk\intermediate\x64\debug\thorium sdk.tlog\link-rc.write.1.tlog
f:\myprojects\vs_projects\thoriumengine\src\thorium sdk\intermediate\x64\debug\thorium sdk.tlog\link.45500-cvtres.read.1.tlog
f:\myprojects\vs_projects\thoriumengine\src\thorium sdk\intermediate\x64\debug\thorium sdk.tlog\link.45500-cvtres.write.1.tlog
f:\myprojects\vs_projects\thoriumengine\src\thorium sdk\intermediate\x64\debug\thorium sdk.tlog\link.45500-rc.read.1.tlog
f:\myprojects\vs_projects\thoriumengine\src\thorium sdk\intermediate\x64\debug\thorium sdk.tlog\link.45500-rc.write.1.tlog
f:\myprojects\vs_projects\thoriumengine\src\thorium sdk\intermediate\x64\debug\thorium sdk.tlog\link.45500.read.1.tlog
f:\myprojects\vs_projects\thoriumengine\src\thorium sdk\intermediate\x64\debug\thorium sdk.tlog\link.45500.write.1.tlog
f:\myprojects\vs_projects\thoriumengine\src\thorium sdk\intermediate\x64\debug\thorium sdk.tlog\link.command.1.tlog
f:\myprojects\vs_projects\thoriumengine\src\thorium sdk\intermediate\x64\debug\thorium sdk.tlog\link.read.1.tlog
f:\myprojects\vs_projects\thoriumengine\src\thorium sdk\intermediate\x64\debug\thorium sdk.tlog\link.write.1.tlog
f:\myprojects\vs_projects\thoriumengine\src\thorium sdk\intermediate\x64\debug\thorium sdk.tlog\moc.read.1u.tlog
f:\myprojects\vs_projects\thoriumengine\src\thorium sdk\intermediate\x64\debug\thorium sdk.tlog\moc.write.1u.tlog
f:\myprojects\vs_projects\thoriumengine\src\thorium sdk\intermediate\x64\debug\thorium sdk.tlog\thorium sdk.write.1u.tlog
