f:\myprojects\vs_projects\thoriumengine\src\thoriumengine\intermediate\x64\development\vc142.pdb
f:\myprojects\vs_projects\thoriumengine\src\thoriumengine\intermediate\x64\development\vc142.idb
f:\myprojects\vs_projects\thoriumengine\src\thoriumengine\intermediate\x64\development\pointlightentity.generated.obj
f:\myprojects\vs_projects\thoriumengine\src\thoriumengine\intermediate\x64\development\pointlightcomponent.generated.obj
f:\myprojects\vs_projects\thoriumengine\src\thoriumengine\intermediate\x64\development\playercontroller.generated.obj
f:\myprojects\vs_projects\thoriumengine\src\thoriumengine\intermediate\x64\development\player.generated.obj
f:\myprojects\vs_projects\thoriumengine\src\thoriumengine\intermediate\x64\development\pawncontroller.generated.obj
f:\myprojects\vs_projects\thoriumengine\src\thoriumengine\intermediate\x64\development\pawn.generated.obj
f:\myprojects\vs_projects\thoriumengine\src\thoriumengine\intermediate\x64\development\object.generated.obj
f:\myprojects\vs_projects\thoriumengine\src\thoriumengine\intermediate\x64\development\modelentity.generated.obj
f:\myprojects\vs_projects\thoriumengine\src\thoriumengine\intermediate\x64\development\modelcomponent.generated.obj
f:\myprojects\vs_projects\thoriumengine\src\thoriumengine\intermediate\x64\development\modelasset.generated.obj
f:\myprojects\vs_projects\thoriumengine\src\thoriumengine\intermediate\x64\development\material.generated.obj
f:\myprojects\vs_projects\thoriumengine\src\thoriumengine\intermediate\x64\development\gamemode.generated.obj
f:\myprojects\vs_projects\thoriumengine\src\thoriumengine\intermediate\x64\development\gameinstance.generated.obj
f:\myprojects\vs_projects\thoriumengine\src\thoriumengine\intermediate\x64\development\entitycomponent.generated.obj
f:\myprojects\vs_projects\thoriumengine\src\thoriumengine\intermediate\x64\development\entity.generated.obj
f:\myprojects\vs_projects\thoriumengine\src\thoriumengine\intermediate\x64\development\engine.init.obj
f:\myprojects\vs_projects\thoriumengine\src\thoriumengine\intermediate\x64\development\cameracomponent.generated.obj
f:\myprojects\vs_projects\thoriumengine\src\thoriumengine\intermediate\x64\development\buffers.generated.obj
f:\myprojects\vs_projects\thoriumengine\src\thoriumengine\intermediate\x64\development\billboardcomponent.generated.obj
f:\myprojects\vs_projects\thoriumengine\src\thoriumengine\intermediate\x64\development\asset.generated.obj
f:\myprojects\vs_projects\thoriumengine\src\thoriumengine\intermediate\x64\development\entity.obj
f:\myprojects\vs_projects\thoriumengine\src\thoriumengine\intermediate\x64\development\modelentity.obj
f:\myprojects\vs_projects\thoriumengine\src\thoriumengine\intermediate\x64\development\pointlightentity.obj
f:\myprojects\vs_projects\thoriumengine\src\thoriumengine\intermediate\x64\development\skyboxcomponent.obj
f:\myprojects\vs_projects\thoriumengine\src\thoriumengine\intermediate\x64\development\scenecomponent.obj
f:\myprojects\vs_projects\thoriumengine\src\thoriumengine\intermediate\x64\development\pointlightcomponent.obj
f:\myprojects\vs_projects\thoriumengine\src\thoriumengine\intermediate\x64\development\modelcomponent.obj
f:\myprojects\vs_projects\thoriumengine\src\thoriumengine\intermediate\x64\development\cameracomponent.obj
f:\myprojects\vs_projects\thoriumengine\src\thoriumengine\intermediate\x64\development\billboardcomponent.obj
f:\myprojects\vs_projects\thoriumengine\src\thoriumengine\intermediate\x64\development\engine.obj
f:\myprojects\vs_projects\thoriumengine\src\thoriumengine\intermediate\x64\development\console.obj
f:\myprojects\vs_projects\thoriumengine\src\thoriumengine\intermediate\x64\development\world.generated.obj
f:\myprojects\vs_projects\thoriumengine\src\thoriumengine\intermediate\x64\development\window.generated.obj
f:\myprojects\vs_projects\thoriumengine\src\thoriumengine\intermediate\x64\development\vectors.generated.obj
f:\myprojects\vs_projects\thoriumengine\src\thoriumengine\intermediate\x64\development\transformgizmoentity.generated.obj
f:\myprojects\vs_projects\thoriumengine\src\thoriumengine\intermediate\x64\development\texture.generated.obj
f:\myprojects\vs_projects\thoriumengine\src\thoriumengine\intermediate\x64\development\skyboxcomponent.generated.obj
f:\myprojects\vs_projects\thoriumengine\src\thoriumengine\intermediate\x64\development\shader.generated.obj
f:\myprojects\vs_projects\thoriumengine\src\thoriumengine\intermediate\x64\development\scenecomponent.generated.obj
f:\myprojects\vs_projects\thoriumengine\src\thoriumengine\intermediate\x64\development\scene.generated.obj
f:\myprojects\vs_projects\thoriumengine\src\thoriumengine\intermediate\x64\development\commandline.obj
f:\myprojects\vs_projects\thoriumengine\src\thoriumengine\intermediate\x64\development\filehelper.obj
f:\myprojects\vs_projects\thoriumengine\src\thoriumengine\intermediate\x64\development\filesystem.obj
f:\myprojects\vs_projects\thoriumengine\src\thoriumengine\intermediate\x64\development\profiler.obj
f:\myprojects\vs_projects\thoriumengine\src\thoriumengine\intermediate\x64\development\directxtexture.obj
f:\myprojects\vs_projects\thoriumengine\src\thoriumengine\intermediate\x64\development\directxshader.obj
f:\myprojects\vs_projects\thoriumengine\src\thoriumengine\intermediate\x64\development\directxrenderer.obj
f:\myprojects\vs_projects\thoriumengine\src\thoriumengine\intermediate\x64\development\directxframebuffer.obj
f:\myprojects\vs_projects\thoriumengine\src\thoriumengine\intermediate\x64\development\directxbuffers.obj
f:\myprojects\vs_projects\thoriumengine\src\thoriumengine\intermediate\x64\development\vectors.obj
f:\myprojects\vs_projects\thoriumengine\src\thoriumengine\intermediate\x64\development\math.obj
f:\myprojects\vs_projects\thoriumengine\src\thoriumengine\intermediate\x64\development\world.obj
f:\myprojects\vs_projects\thoriumengine\src\thoriumengine\intermediate\x64\development\player.obj
f:\myprojects\vs_projects\thoriumengine\src\thoriumengine\intermediate\x64\development\pawncontroller.obj
f:\myprojects\vs_projects\thoriumengine\src\thoriumengine\intermediate\x64\development\pawn.obj
f:\myprojects\vs_projects\thoriumengine\src\thoriumengine\intermediate\x64\development\transformgizmoentity.obj
f:\myprojects\vs_projects\thoriumengine\src\thoriumengine\intermediate\x64\development\gamemode.obj
f:\myprojects\vs_projects\thoriumengine\src\thoriumengine\intermediate\x64\development\gameinstance.obj
f:\myprojects\vs_projects\thoriumengine\src\thoriumengine\intermediate\x64\development\events.obj
f:\myprojects\vs_projects\thoriumengine\src\thoriumengine\intermediate\x64\development\entitycomponent.obj
f:\myprojects\vs_projects\thoriumengine\src\thoriumengine\intermediate\x64\development\window.obj
f:\myprojects\vs_projects\thoriumengine\src\thoriumengine\intermediate\x64\development\stb.obj
f:\myprojects\vs_projects\thoriumengine\src\thoriumengine\intermediate\x64\development\texture.obj
f:\myprojects\vs_projects\thoriumengine\src\thoriumengine\intermediate\x64\development\scene.obj
f:\myprojects\vs_projects\thoriumengine\src\thoriumengine\intermediate\x64\development\resourcemanager.obj
f:\myprojects\vs_projects\thoriumengine\src\thoriumengine\intermediate\x64\development\modelasset.obj
f:\myprojects\vs_projects\thoriumengine\src\thoriumengine\intermediate\x64\development\material.obj
f:\myprojects\vs_projects\thoriumengine\src\thoriumengine\intermediate\x64\development\asset.obj
f:\myprojects\vs_projects\thoriumengine\src\thoriumengine\intermediate\x64\development\shaderparser.obj
f:\myprojects\vs_projects\thoriumengine\src\thoriumengine\intermediate\x64\development\shader.obj
f:\myprojects\vs_projects\thoriumengine\src\thoriumengine\intermediate\x64\development\renderproxies.obj
f:\myprojects\vs_projects\thoriumengine\src\thoriumengine\intermediate\x64\development\renderer.obj
f:\myprojects\vs_projects\thoriumengine\src\thoriumengine\intermediate\x64\development\rendercommands.obj
f:\myprojects\vs_projects\thoriumengine\src\thoriumengine\intermediate\x64\development\objectmanager.obj
f:\myprojects\vs_projects\thoriumengine\src\thoriumengine\intermediate\x64\development\object.obj
f:\myprojects\vs_projects\thoriumengine\src\thoriumengine\intermediate\x64\development\module.obj
f:\myprojects\vs_projects\thoriumengine\src\thoriumengine\intermediate\x64\development\playerstart.obj
f:\myprojects\vs_projects\thoriumengine\src\thoriumengine\intermediate\x64\development\playerstart.generated.obj
f:\myprojects\vs_projects\thoriumengine\src\thoriumengine\intermediate\x64\development\sunlightentity.obj
f:\myprojects\vs_projects\thoriumengine\src\thoriumengine\intermediate\x64\development\sunlightcomponent.obj
f:\myprojects\vs_projects\thoriumengine\src\thoriumengine\intermediate\x64\development\sunlightentity.generated.obj
f:\myprojects\vs_projects\thoriumengine\src\thoriumengine\intermediate\x64\development\sunlightcomponent.generated.obj
f:\myprojects\vs_projects\thoriumengine\src\thoriumengine\intermediate\x64\development\objecthandle.obj
f:\myprojects\vs_projects\thoriumengine\src\thoriumengine\intermediate\x64\development\objecthandle.generated.obj
f:\myprojects\vs_projects\thoriumengine\src\thoriumengine\intermediate\x64\development\engine.generated.obj
f:\myprojects\vs_projects\thoriumengine\src\thoriumengine\intermediate\x64\development\timer.obj
f:\myprojects\vs_projects\thoriumengine\src\thoriumengine\intermediate\x64\development\joltphysworld.generated.obj
f:\myprojects\vs_projects\thoriumengine\src\thoriumengine\intermediate\x64\development\joltphysapi.generated.obj
f:\myprojects\vs_projects\thoriumengine\src\thoriumengine\intermediate\x64\development\inputmanager.generated.obj
f:\myprojects\vs_projects\thoriumengine\src\thoriumengine\intermediate\x64\development\dataasset.generated.obj
f:\myprojects\vs_projects\thoriumengine\src\thoriumengine\intermediate\x64\development\canvas.generated.obj
f:\myprojects\vs_projects\thoriumengine\src\thoriumengine\intermediate\x64\development\bounds.generated.obj
f:\myprojects\vs_projects\thoriumengine\src\thoriumengine\intermediate\x64\development\physicsworld.generated.obj
f:\myprojects\vs_projects\thoriumengine\src\thoriumengine\intermediate\x64\development\physicsapi.generated.obj
f:\myprojects\vs_projects\thoriumengine\src\thoriumengine\intermediate\x64\development\widget.generated.obj
f:\myprojects\vs_projects\thoriumengine\src\thoriumengine\intermediate\x64\development\joltphysapi.obj
f:\myprojects\vs_projects\thoriumengine\src\thoriumengine\intermediate\x64\development\class.obj
f:\myprojects\vs_projects\thoriumengine\src\thoriumengine\intermediate\x64\development\bounds.obj
f:\myprojects\vs_projects\thoriumengine\src\thoriumengine\intermediate\x64\development\widget.obj
f:\myprojects\vs_projects\thoriumengine\src\thoriumengine\intermediate\x64\development\canvas.obj
f:\myprojects\vs_projects\thoriumengine\src\thoriumengine\intermediate\x64\development\playercontroller.obj
f:\myprojects\vs_projects\thoriumengine\src\thoriumengine\intermediate\x64\development\inputmanager.obj
f:\myprojects\vs_projects\thoriumengine\src\thoriumengine\intermediate\x64\development\dataasset.obj
f:\myprojects\vs_projects\thoriumengine\src\thoriumengine\intermediate\x64\development\transform.obj
f:\myprojects\vs_projects\thoriumengine\src\thoriumengine\intermediate\x64\development\color.obj
f:\myprojects\vs_projects\thoriumengine\src\build\x64-development\engine.dll
f:\myprojects\vs_projects\thoriumengine\src\thoriumengine\intermediate\x64\development\engine.iobj
f:\myprojects\vs_projects\thoriumengine\src\build\x64-development\engine.pdb
f:\myprojects\vs_projects\thoriumengine\src\build\x64-development\engine.lib
f:\myprojects\vs_projects\thoriumengine\src\build\x64-development\engine.exp
f:\myprojects\vs_projects\thoriumengine\src\thoriumengine\intermediate\x64\development\thoriumengine.tlog\cl.command.1.tlog
f:\myprojects\vs_projects\thoriumengine\src\thoriumengine\intermediate\x64\development\thoriumengine.tlog\cl.read.1.tlog
f:\myprojects\vs_projects\thoriumengine\src\thoriumengine\intermediate\x64\development\thoriumengine.tlog\cl.write.1.tlog
f:\myprojects\vs_projects\thoriumengine\src\thoriumengine\intermediate\x64\development\thoriumengine.tlog\link.14276.delete.1.tlog
f:\myprojects\vs_projects\thoriumengine\src\thoriumengine\intermediate\x64\development\thoriumengine.tlog\link.17644.delete.1.tlog
f:\myprojects\vs_projects\thoriumengine\src\thoriumengine\intermediate\x64\development\thoriumengine.tlog\link.18240.delete.1.tlog
f:\myprojects\vs_projects\thoriumengine\src\thoriumengine\intermediate\x64\development\thoriumengine.tlog\link.1916.delete.1.tlog
f:\myprojects\vs_projects\thoriumengine\src\thoriumengine\intermediate\x64\development\thoriumengine.tlog\link.21372.delete.1.tlog
f:\myprojects\vs_projects\thoriumengine\src\thoriumengine\intermediate\x64\development\thoriumengine.tlog\link.25532.delete.1.tlog
f:\myprojects\vs_projects\thoriumengine\src\thoriumengine\intermediate\x64\development\thoriumengine.tlog\link.26464.delete.1.tlog
f:\myprojects\vs_projects\thoriumengine\src\thoriumengine\intermediate\x64\development\thoriumengine.tlog\link.26596.delete.1.tlog
f:\myprojects\vs_projects\thoriumengine\src\thoriumengine\intermediate\x64\development\thoriumengine.tlog\link.26660.delete.1.tlog
f:\myprojects\vs_projects\thoriumengine\src\thoriumengine\intermediate\x64\development\thoriumengine.tlog\link.32784.delete.1.tlog
f:\myprojects\vs_projects\thoriumengine\src\thoriumengine\intermediate\x64\development\thoriumengine.tlog\link.34760.delete.1.tlog
f:\myprojects\vs_projects\thoriumengine\src\thoriumengine\intermediate\x64\development\thoriumengine.tlog\link.40320.delete.1.tlog
f:\myprojects\vs_projects\thoriumengine\src\thoriumengine\intermediate\x64\development\thoriumengine.tlog\link.43376.delete.1.tlog
f:\myprojects\vs_projects\thoriumengine\src\thoriumengine\intermediate\x64\development\thoriumengine.tlog\link.44772.delete.1.tlog
f:\myprojects\vs_projects\thoriumengine\src\thoriumengine\intermediate\x64\development\thoriumengine.tlog\link.47760.delete.1.tlog
f:\myprojects\vs_projects\thoriumengine\src\thoriumengine\intermediate\x64\development\thoriumengine.tlog\link.48464.delete.1.tlog
f:\myprojects\vs_projects\thoriumengine\src\thoriumengine\intermediate\x64\development\thoriumengine.tlog\link.50268.delete.1.tlog
f:\myprojects\vs_projects\thoriumengine\src\thoriumengine\intermediate\x64\development\thoriumengine.tlog\link.51668.delete.1.tlog
f:\myprojects\vs_projects\thoriumengine\src\thoriumengine\intermediate\x64\development\thoriumengine.tlog\link.5316.delete.1.tlog
f:\myprojects\vs_projects\thoriumengine\src\thoriumengine\intermediate\x64\development\thoriumengine.tlog\link.53408.delete.1.tlog
f:\myprojects\vs_projects\thoriumengine\src\thoriumengine\intermediate\x64\development\thoriumengine.tlog\link.53964.delete.1.tlog
f:\myprojects\vs_projects\thoriumengine\src\thoriumengine\intermediate\x64\development\thoriumengine.tlog\link.55200.delete.1.tlog
f:\myprojects\vs_projects\thoriumengine\src\thoriumengine\intermediate\x64\development\thoriumengine.tlog\link.57796.delete.1.tlog
f:\myprojects\vs_projects\thoriumengine\src\thoriumengine\intermediate\x64\development\thoriumengine.tlog\link.58772.delete.1.tlog
f:\myprojects\vs_projects\thoriumengine\src\thoriumengine\intermediate\x64\development\thoriumengine.tlog\link.6476.delete.1.tlog
f:\myprojects\vs_projects\thoriumengine\src\thoriumengine\intermediate\x64\development\thoriumengine.tlog\link.67656.delete.1.tlog
f:\myprojects\vs_projects\thoriumengine\src\thoriumengine\intermediate\x64\development\thoriumengine.tlog\link.71348.delete.1.tlog
f:\myprojects\vs_projects\thoriumengine\src\thoriumengine\intermediate\x64\development\thoriumengine.tlog\link.76360.delete.1.tlog
f:\myprojects\vs_projects\thoriumengine\src\thoriumengine\intermediate\x64\development\thoriumengine.tlog\link.81336.delete.1.tlog
f:\myprojects\vs_projects\thoriumengine\src\thoriumengine\intermediate\x64\development\thoriumengine.tlog\link.82368.delete.1.tlog
f:\myprojects\vs_projects\thoriumengine\src\thoriumengine\intermediate\x64\development\thoriumengine.tlog\link.command.1.tlog
f:\myprojects\vs_projects\thoriumengine\src\thoriumengine\intermediate\x64\development\thoriumengine.tlog\link.read.1.tlog
f:\myprojects\vs_projects\thoriumengine\src\thoriumengine\intermediate\x64\development\thoriumengine.tlog\link.write.1.tlog
f:\myprojects\vs_projects\thoriumengine\src\thoriumengine\intermediate\x64\development\thoriumengine.tlog\thoriumengine.write.1u.tlog
