  Path: F:\MyProjects\VS_Projects\ThoriumEngine\src\ThoriumEngine\
  Running HeaderTool for project: Engine
  Engine.init.cpp
  Texture.cpp
F:\MyProjects\VS_Projects\ThoriumEngine\src\ThoriumEngine\src\Resources\Texture.cpp(310,19): warning C4244: 'initializing': conversion from 'double' to 'SizeType', possible loss of data
F:\MyProjects\VS_Projects\ThoriumEngine\src\ThoriumEngine\src\Resources\Texture.cpp(325,99): warning C4267: 'argument': conversion from 'size_t' to 'int', possible loss of data
F:\MyProjects\VS_Projects\ThoriumEngine\src\ThoriumEngine\src\Resources\Texture.cpp(339,87): warning C4267: 'argument': conversion from 'size_t' to 'int', possible loss of data
  Generating Code...
  Util.lib(String.obj) : MSIL .netmodule or module compiled with /GL found; restarting link with /LTCG; add /LTCG to the link command line to improve linker performance
LINK : warning LNK4075: ignoring '/INCREMENTAL' due to '/LTCG' specification
     Creating library F:\MyProjects\VS_Projects\ThoriumEngine\src\build\x64-Development\Engine.lib and object F:\MyProjects\VS_Projects\ThoriumEngine\src\build\x64-Development\Engine.exp
LINK : warning LNK4098: defaultlib 'MSVCRTD' conflicts with use of other libs; use /NODEFAULTLIB:library
  Generating code
  Finished generating code
glfw3x64.lib(context.obj) : warning LNK4099: PDB 'glfw.pdb' was not found with 'glfw3x64.lib(context.obj)' or at 'F:\MyProjects\VS_Projects\ThoriumEngine\src\build\x64-Development\glfw.pdb'; linking object as if no debug info
glfw3x64.lib(init.obj) : warning LNK4099: PDB 'glfw.pdb' was not found with 'glfw3x64.lib(init.obj)' or at 'F:\MyProjects\VS_Projects\ThoriumEngine\src\build\x64-Development\glfw.pdb'; linking object as if no debug info
glfw3x64.lib(input.obj) : warning LNK4099: PDB 'glfw.pdb' was not found with 'glfw3x64.lib(input.obj)' or at 'F:\MyProjects\VS_Projects\ThoriumEngine\src\build\x64-Development\glfw.pdb'; linking object as if no debug info
glfw3x64.lib(monitor.obj) : warning LNK4099: PDB 'glfw.pdb' was not found with 'glfw3x64.lib(monitor.obj)' or at 'F:\MyProjects\VS_Projects\ThoriumEngine\src\build\x64-Development\glfw.pdb'; linking object as if no debug info
glfw3x64.lib(vulkan.obj) : warning LNK4099: PDB 'glfw.pdb' was not found with 'glfw3x64.lib(vulkan.obj)' or at 'F:\MyProjects\VS_Projects\ThoriumEngine\src\build\x64-Development\glfw.pdb'; linking object as if no debug info
glfw3x64.lib(window.obj) : warning LNK4099: PDB 'glfw.pdb' was not found with 'glfw3x64.lib(window.obj)' or at 'F:\MyProjects\VS_Projects\ThoriumEngine\src\build\x64-Development\glfw.pdb'; linking object as if no debug info
glfw3x64.lib(win32_init.obj) : warning LNK4099: PDB 'glfw.pdb' was not found with 'glfw3x64.lib(win32_init.obj)' or at 'F:\MyProjects\VS_Projects\ThoriumEngine\src\build\x64-Development\glfw.pdb'; linking object as if no debug info
glfw3x64.lib(win32_joystick.obj) : warning LNK4099: PDB 'glfw.pdb' was not found with 'glfw3x64.lib(win32_joystick.obj)' or at 'F:\MyProjects\VS_Projects\ThoriumEngine\src\build\x64-Development\glfw.pdb'; linking object as if no debug info
glfw3x64.lib(win32_monitor.obj) : warning LNK4099: PDB 'glfw.pdb' was not found with 'glfw3x64.lib(win32_monitor.obj)' or at 'F:\MyProjects\VS_Projects\ThoriumEngine\src\build\x64-Development\glfw.pdb'; linking object as if no debug info
glfw3x64.lib(win32_time.obj) : warning LNK4099: PDB 'glfw.pdb' was not found with 'glfw3x64.lib(win32_time.obj)' or at 'F:\MyProjects\VS_Projects\ThoriumEngine\src\build\x64-Development\glfw.pdb'; linking object as if no debug info
glfw3x64.lib(win32_thread.obj) : warning LNK4099: PDB 'glfw.pdb' was not found with 'glfw3x64.lib(win32_thread.obj)' or at 'F:\MyProjects\VS_Projects\ThoriumEngine\src\build\x64-Development\glfw.pdb'; linking object as if no debug info
glfw3x64.lib(win32_window.obj) : warning LNK4099: PDB 'glfw.pdb' was not found with 'glfw3x64.lib(win32_window.obj)' or at 'F:\MyProjects\VS_Projects\ThoriumEngine\src\build\x64-Development\glfw.pdb'; linking object as if no debug info
glfw3x64.lib(wgl_context.obj) : warning LNK4099: PDB 'glfw.pdb' was not found with 'glfw3x64.lib(wgl_context.obj)' or at 'F:\MyProjects\VS_Projects\ThoriumEngine\src\build\x64-Development\glfw.pdb'; linking object as if no debug info
glfw3x64.lib(egl_context.obj) : warning LNK4099: PDB 'glfw.pdb' was not found with 'glfw3x64.lib(egl_context.obj)' or at 'F:\MyProjects\VS_Projects\ThoriumEngine\src\build\x64-Development\glfw.pdb'; linking object as if no debug info
glfw3x64.lib(osmesa_context.obj) : warning LNK4099: PDB 'glfw.pdb' was not found with 'glfw3x64.lib(osmesa_context.obj)' or at 'F:\MyProjects\VS_Projects\ThoriumEngine\src\build\x64-Development\glfw.pdb'; linking object as if no debug info
  ThoriumEngine.vcxproj -> F:\MyProjects\VS_Projects\ThoriumEngine\src\build\x64-Development\Engine.dll
  F:\MyProjects\VS_Projects\ThoriumEngine\src\build\x64-Development\Engine.dll
  1 File(s) copied
  F:\MyProjects\VS_Projects\ThoriumEngine\src\build\x64-Development\Engine.pdb
  1 File(s) copied
