f:\myprojects\vs_projects\thoriumengine\src\thorium sdk\intermediate\x64\development\moc_editorpreferences.obj
f:\myprojects\vs_projects\thoriumengine\src\thorium sdk\intermediate\x64\development\moc_assetbrowserdock.obj
f:\myprojects\vs_projects\thoriumengine\src\thorium sdk\intermediate\x64\development\moc_enumproperty.obj
f:\myprojects\vs_projects\thoriumengine\src\thorium sdk\intermediate\x64\development\moc_objectptrproperty.obj
f:\myprojects\vs_projects\thoriumengine\src\thorium sdk\intermediate\x64\development\moc_toolswindow.obj
f:\myprojects\vs_projects\thoriumengine\src\thorium sdk\intermediate\x64\development\moc_consolewidget.obj
f:\myprojects\vs_projects\thoriumengine\src\thorium sdk\intermediate\x64\development\moc_moduledebugger.obj
f:\myprojects\vs_projects\thoriumengine\src\thorium sdk\intermediate\x64\development\moc_propertieswidget.obj
f:\myprojects\vs_projects\thoriumengine\src\thorium sdk\intermediate\x64\development\moc_floatproperty.obj
f:\myprojects\vs_projects\thoriumengine\src\thorium sdk\intermediate\x64\development\moc_vectorproperty.obj
f:\myprojects\vs_projects\thoriumengine\src\thorium sdk\intermediate\x64\development\moc_worldviewportwidget.obj
f:\myprojects\vs_projects\thoriumengine\src\thorium sdk\intermediate\x64\development\qrc_icons.obj
f:\myprojects\vs_projects\thoriumengine\src\thorium sdk\intermediate\x64\development\moc_modelcreator.obj
f:\myprojects\vs_projects\thoriumengine\src\thorium sdk\intermediate\x64\development\moc_intproperty.obj
f:\myprojects\vs_projects\thoriumengine\src\thorium sdk\intermediate\x64\development\moc_filedialogs.obj
f:\myprojects\vs_projects\thoriumengine\src\thorium sdk\intermediate\x64\development\moc_materialeditor.obj
f:\myprojects\vs_projects\thoriumengine\src\thorium sdk\intermediate\x64\development\moc_projectmanagerwindow.obj
f:\myprojects\vs_projects\thoriumengine\src\thorium sdk\intermediate\x64\development\moc_classselectordialog.obj
f:\myprojects\vs_projects\thoriumengine\src\thorium sdk\intermediate\x64\development\moc_savedialog.obj
f:\myprojects\vs_projects\thoriumengine\src\thorium sdk\intermediate\x64\development\moc_widgetdemo.obj
f:\myprojects\vs_projects\thoriumengine\src\thorium sdk\intermediate\x64\development\moc_boolproperty.obj
f:\myprojects\vs_projects\thoriumengine\src\thorium sdk\intermediate\x64\development\moc_objectselectorwidget.obj
f:\myprojects\vs_projects\thoriumengine\src\thorium sdk\intermediate\x64\development\moc_objectdebugger.obj
f:\myprojects\vs_projects\thoriumengine\src\thorium sdk\intermediate\x64\development\moc_renderwidget.obj
f:\myprojects\vs_projects\thoriumengine\src\thorium sdk\intermediate\x64\development\moc_assetbrowser.obj
f:\myprojects\vs_projects\thoriumengine\src\thorium sdk\intermediate\x64\development\moc_splitterlink.obj
f:\myprojects\vs_projects\thoriumengine\src\thorium sdk\intermediate\x64\development\moc_stringproperty.obj
f:\myprojects\vs_projects\thoriumengine\src\thorium sdk\intermediate\x64\development\moc_framelessdialog.obj
f:\myprojects\vs_projects\thoriumengine\src\thorium sdk\intermediate\x64\development\moc_quatproperty.obj
f:\myprojects\vs_projects\thoriumengine\src\thorium sdk\intermediate\x64\development\moc_collapsablewidget.obj
f:\myprojects\vs_projects\thoriumengine\src\thorium sdk\intermediate\x64\development\moc_outlinerwidget.obj
f:\myprojects\vs_projects\thoriumengine\src\thorium sdk\intermediate\x64\development\moc_propertyeditor.obj
f:\myprojects\vs_projects\thoriumengine\src\thorium sdk\intermediate\x64\development\moc_structproperty.obj
f:\myprojects\vs_projects\thoriumengine\src\thorium sdk\intermediate\x64\development\moc_arrayproperty.obj
f:\myprojects\vs_projects\thoriumengine\src\thorium sdk\intermediate\x64\development\moc_editorwindow.obj
f:\myprojects\vs_projects\thoriumengine\src\thorium sdk\intermediate\x64\development\filedialogs.obj
f:\myprojects\vs_projects\thoriumengine\src\thorium sdk\intermediate\x64\development\textureimportdialog.obj
f:\myprojects\vs_projects\thoriumengine\src\thorium sdk\intermediate\x64\development\floatproperty.obj
f:\myprojects\vs_projects\thoriumengine\src\thorium sdk\intermediate\x64\development\vectorproperty.obj
f:\myprojects\vs_projects\thoriumengine\src\thorium sdk\intermediate\x64\development\assetbrowserdock.obj
f:\myprojects\vs_projects\thoriumengine\src\thorium sdk\intermediate\x64\development\modelcreator.obj
f:\myprojects\vs_projects\thoriumengine\src\thorium sdk\intermediate\x64\development\consolewidget.obj
f:\myprojects\vs_projects\thoriumengine\src\thorium sdk\intermediate\x64\development\toolscore.obj
f:\myprojects\vs_projects\thoriumengine\src\thorium sdk\intermediate\x64\development\framelessdialog.obj
f:\myprojects\vs_projects\thoriumengine\src\thorium sdk\intermediate\x64\development\boolproperty.obj
f:\myprojects\vs_projects\thoriumengine\src\thorium sdk\intermediate\x64\development\quatproperty.obj
f:\myprojects\vs_projects\thoriumengine\src\thorium sdk\intermediate\x64\development\moduledebugger.obj
f:\myprojects\vs_projects\thoriumengine\src\thorium sdk\intermediate\x64\development\projectmanagerwindow.obj
f:\myprojects\vs_projects\thoriumengine\src\thorium sdk\intermediate\x64\development\renderwidget.obj
f:\myprojects\vs_projects\thoriumengine\src\thorium sdk\intermediate\x64\development\main.obj
f:\myprojects\vs_projects\thoriumengine\src\thorium sdk\intermediate\x64\development\arrayproperty.obj
f:\myprojects\vs_projects\thoriumengine\src\thorium sdk\intermediate\x64\development\objectptrproperty.obj
f:\myprojects\vs_projects\thoriumengine\src\thorium sdk\intermediate\x64\development\splitterlink.obj
f:\myprojects\vs_projects\thoriumengine\src\thorium sdk\intermediate\x64\development\outlinerwidget.obj
f:\myprojects\vs_projects\thoriumengine\src\thorium sdk\intermediate\x64\development\toolswindow.obj
f:\myprojects\vs_projects\thoriumengine\src\thorium sdk\intermediate\x64\development\editorengine.obj
f:\myprojects\vs_projects\thoriumengine\src\thorium sdk\intermediate\x64\development\enumproperty.obj
f:\myprojects\vs_projects\thoriumengine\src\thorium sdk\intermediate\x64\development\stringproperty.obj
f:\myprojects\vs_projects\thoriumengine\src\thorium sdk\intermediate\x64\development\objectdebugger.obj
f:\myprojects\vs_projects\thoriumengine\src\thorium sdk\intermediate\x64\development\propertieswidget.obj
f:\myprojects\vs_projects\thoriumengine\src\thorium sdk\intermediate\x64\development\classselectordialog.obj
f:\myprojects\vs_projects\thoriumengine\src\thorium sdk\intermediate\x64\development\worldviewportwidget.obj
f:\myprojects\vs_projects\thoriumengine\src\thorium sdk\intermediate\x64\development\editorselectmode.obj
f:\myprojects\vs_projects\thoriumengine\src\thorium sdk\intermediate\x64\development\baseimportdialog.obj
f:\myprojects\vs_projects\thoriumengine\src\thorium sdk\intermediate\x64\development\propertyeditor.obj
f:\myprojects\vs_projects\thoriumengine\src\thorium sdk\intermediate\x64\development\structproperty.obj
f:\myprojects\vs_projects\thoriumengine\src\thorium sdk\intermediate\x64\development\widgetdemo.obj
f:\myprojects\vs_projects\thoriumengine\src\thorium sdk\intermediate\x64\development\materialeditor.obj
f:\myprojects\vs_projects\thoriumengine\src\thorium sdk\intermediate\x64\development\collapsablewidget.obj
f:\myprojects\vs_projects\thoriumengine\src\thorium sdk\intermediate\x64\development\editormode.obj
f:\myprojects\vs_projects\thoriumengine\src\thorium sdk\intermediate\x64\development\objectselectorwidget.obj
f:\myprojects\vs_projects\thoriumengine\src\thorium sdk\intermediate\x64\development\intproperty.obj
f:\myprojects\vs_projects\thoriumengine\src\thorium sdk\intermediate\x64\development\savedialog.obj
f:\myprojects\vs_projects\thoriumengine\src\thorium sdk\intermediate\x64\development\editorwindow.obj
f:\myprojects\vs_projects\thoriumengine\src\thorium sdk\intermediate\x64\development\assetbrowser.obj
f:\myprojects\vs_projects\thoriumengine\src\thorium sdk\intermediate\x64\development\vc142.pdb
f:\myprojects\vs_projects\thoriumengine\src\thorium sdk\intermediate\x64\development\vc142.idb
f:\myprojects\vs_projects\thoriumengine\src\build\x64-development\thorium sdk.exe
f:\myprojects\vs_projects\thoriumengine\src\build\x64-development\thorium sdk.pdb
f:\myprojects\vs_projects\thoriumengine\src\thorium sdk\intermediate\x64\development\moc\moc_modelcreator.cpp
f:\myprojects\vs_projects\thoriumengine\src\thorium sdk\intermediate\x64\development\thorium sdk.res
f:\myprojects\vs_projects\thoriumengine\src\thorium sdk\intermediate\x64\development\rcc\qrc_icons.cpp
f:\myprojects\vs_projects\thoriumengine\src\thorium sdk\intermediate\x64\development\moc\moc_moduledebugger.cpp
f:\myprojects\vs_projects\thoriumengine\src\thorium sdk\intermediate\x64\development\moc\moc_assetbrowser.cpp
f:\myprojects\vs_projects\thoriumengine\src\thorium sdk\intermediate\x64\development\moc\moc_editorpreferences.cpp
f:\myprojects\vs_projects\thoriumengine\src\thorium sdk\intermediate\x64\development\moc\moc_outlinerwidget.cpp
f:\myprojects\vs_projects\thoriumengine\src\thorium sdk\intermediate\x64\development\moc\moc_savedialog.cpp
f:\myprojects\vs_projects\thoriumengine\src\thorium sdk\intermediate\x64\development\moc\moc_widgetdemo.cpp
f:\myprojects\vs_projects\thoriumengine\src\thorium sdk\intermediate\x64\development\moc\moc_propertieswidget.cpp
f:\myprojects\vs_projects\thoriumengine\src\thorium sdk\intermediate\x64\development\moc\moc_assetbrowserdock.cpp
f:\myprojects\vs_projects\thoriumengine\src\thorium sdk\intermediate\x64\development\moc\moc_splitterlink.cpp
f:\myprojects\vs_projects\thoriumengine\src\thorium sdk\intermediate\x64\development\moc\moc_propertyeditor.cpp
f:\myprojects\vs_projects\thoriumengine\src\thorium sdk\intermediate\x64\development\moc\moc_intproperty.cpp
f:\myprojects\vs_projects\thoriumengine\src\thorium sdk\intermediate\x64\development\moc\moc_stringproperty.cpp
f:\myprojects\vs_projects\thoriumengine\src\thorium sdk\intermediate\x64\development\moc\moc_enumproperty.cpp
f:\myprojects\vs_projects\thoriumengine\src\thorium sdk\intermediate\x64\development\moc\moc_boolproperty.cpp
f:\myprojects\vs_projects\thoriumengine\src\thorium sdk\intermediate\x64\development\moc\moc_floatproperty.cpp
f:\myprojects\vs_projects\thoriumengine\src\thorium sdk\intermediate\x64\development\moc\moc_structproperty.cpp
f:\myprojects\vs_projects\thoriumengine\src\thorium sdk\intermediate\x64\development\moc\moc_filedialogs.cpp
f:\myprojects\vs_projects\thoriumengine\src\thorium sdk\intermediate\x64\development\moc\moc_framelessdialog.cpp
f:\myprojects\vs_projects\thoriumengine\src\thorium sdk\intermediate\x64\development\moc\moc_objectselectorwidget.cpp
f:\myprojects\vs_projects\thoriumengine\src\thorium sdk\intermediate\x64\development\moc\moc_objectptrproperty.cpp
f:\myprojects\vs_projects\thoriumengine\src\thorium sdk\intermediate\x64\development\moc\moc_vectorproperty.cpp
f:\myprojects\vs_projects\thoriumengine\src\thorium sdk\intermediate\x64\development\moc\moc_arrayproperty.cpp
f:\myprojects\vs_projects\thoriumengine\src\thorium sdk\intermediate\x64\development\moc\moc_materialeditor.cpp
f:\myprojects\vs_projects\thoriumengine\src\thorium sdk\intermediate\x64\development\moc\moc_quatproperty.cpp
f:\myprojects\vs_projects\thoriumengine\src\thorium sdk\intermediate\x64\development\moc\moc_objectdebugger.cpp
f:\myprojects\vs_projects\thoriumengine\src\thorium sdk\intermediate\x64\development\moc\moc_toolswindow.cpp
f:\myprojects\vs_projects\thoriumengine\src\thorium sdk\intermediate\x64\development\moc\moc_projectmanagerwindow.cpp
f:\myprojects\vs_projects\thoriumengine\src\thorium sdk\intermediate\x64\development\moc\moc_editorwindow.cpp
f:\myprojects\vs_projects\thoriumengine\src\thorium sdk\intermediate\x64\development\moc\moc_worldviewportwidget.cpp
f:\myprojects\vs_projects\thoriumengine\src\thorium sdk\intermediate\x64\development\moc\moc_renderwidget.cpp
f:\myprojects\vs_projects\thoriumengine\src\thorium sdk\intermediate\x64\development\moc\moc_consolewidget.cpp
f:\myprojects\vs_projects\thoriumengine\src\thorium sdk\intermediate\x64\development\moc\moc_collapsablewidget.cpp
f:\myprojects\vs_projects\thoriumengine\src\thorium sdk\intermediate\x64\development\moc\moc_classselectordialog.cpp
f:\myprojects\vs_projects\thoriumengine\src\build\x64-development\thorium sdk.lib
f:\myprojects\vs_projects\thoriumengine\src\build\x64-development\thorium sdk.exp
f:\myprojects\vs_projects\thoriumengine\src\thorium sdk\intermediate\x64\development\thorium sdk.tlog\cl.command.1.tlog
f:\myprojects\vs_projects\thoriumengine\src\thorium sdk\intermediate\x64\development\thorium sdk.tlog\cl.read.1.tlog
f:\myprojects\vs_projects\thoriumengine\src\thorium sdk\intermediate\x64\development\thorium sdk.tlog\cl.write.1.tlog
f:\myprojects\vs_projects\thoriumengine\src\thorium sdk\intermediate\x64\development\thorium sdk.tlog\link.command.1.tlog
f:\myprojects\vs_projects\thoriumengine\src\thorium sdk\intermediate\x64\development\thorium sdk.tlog\link.read.1.tlog
f:\myprojects\vs_projects\thoriumengine\src\thorium sdk\intermediate\x64\development\thorium sdk.tlog\link.write.1.tlog
f:\myprojects\vs_projects\thoriumengine\src\thorium sdk\intermediate\x64\development\thorium sdk.tlog\moc.read.1u.tlog
f:\myprojects\vs_projects\thoriumengine\src\thorium sdk\intermediate\x64\development\thorium sdk.tlog\moc.write.1u.tlog
f:\myprojects\vs_projects\thoriumengine\src\thorium sdk\intermediate\x64\development\thorium sdk.tlog\rc.command.1.tlog
f:\myprojects\vs_projects\thoriumengine\src\thorium sdk\intermediate\x64\development\thorium sdk.tlog\rc.read.1.tlog
f:\myprojects\vs_projects\thoriumengine\src\thorium sdk\intermediate\x64\development\thorium sdk.tlog\rc.write.1.tlog
f:\myprojects\vs_projects\thoriumengine\src\thorium sdk\intermediate\x64\development\thorium sdk.tlog\rcc.read.1u.tlog
f:\myprojects\vs_projects\thoriumengine\src\thorium sdk\intermediate\x64\development\thorium sdk.tlog\rcc.write.1u.tlog
f:\myprojects\vs_projects\thoriumengine\src\thorium sdk\intermediate\x64\development\thorium sdk.tlog\thorium sdk.write.1u.tlog
