F:\MyProjects\VS_Projects\ThoriumEngine\src\build\x64-Development\\Qt5Core.dll
F:\MyProjects\VS_Projects\ThoriumEngine\src\build\x64-Development\\Qt5Gui.dll
F:\MyProjects\VS_Projects\ThoriumEngine\src\build\x64-Development\\Qt5Svg.dll
F:\MyProjects\VS_Projects\ThoriumEngine\src\build\x64-Development\\Qt5Widgets.dll
F:\MyProjects\VS_Projects\ThoriumEngine\src\build\x64-Development\\libGLESv2.dll
F:\MyProjects\VS_Projects\ThoriumEngine\src\build\x64-Development\\libEGL.dll
F:\MyProjects\VS_Projects\ThoriumEngine\src\build\x64-Development\\D3Dcompiler_47.dll
F:\MyProjects\VS_Projects\ThoriumEngine\src\build\x64-Development\\opengl32sw.dll
F:\MyProjects\VS_Projects\ThoriumEngine\src\build\x64-Development\iconengines\qsvgicon.dll
F:\MyProjects\VS_Projects\ThoriumEngine\src\build\x64-Development\imageformats\qgif.dll
F:\MyProjects\VS_Projects\ThoriumEngine\src\build\x64-Development\imageformats\qicns.dll
F:\MyProjects\VS_Projects\ThoriumEngine\src\build\x64-Development\imageformats\qico.dll
F:\MyProjects\VS_Projects\ThoriumEngine\src\build\x64-Development\imageformats\qjpeg.dll
F:\MyProjects\VS_Projects\ThoriumEngine\src\build\x64-Development\imageformats\qsvg.dll
F:\MyProjects\VS_Projects\ThoriumEngine\src\build\x64-Development\imageformats\qtga.dll
F:\MyProjects\VS_Projects\ThoriumEngine\src\build\x64-Development\imageformats\qtiff.dll
F:\MyProjects\VS_Projects\ThoriumEngine\src\build\x64-Development\imageformats\qwbmp.dll
F:\MyProjects\VS_Projects\ThoriumEngine\src\build\x64-Development\imageformats\qwebp.dll
F:\MyProjects\VS_Projects\ThoriumEngine\src\build\x64-Development\platforms\qwindows.dll
F:\MyProjects\VS_Projects\ThoriumEngine\src\build\x64-Development\styles\qwindowsvistastyle.dll
F:\MyProjects\VS_Projects\ThoriumEngine\src\build\x64-Development\translations\qt_ar.qm
F:\MyProjects\VS_Projects\ThoriumEngine\src\build\x64-Development\translations\qtbase_ar.qm
F:\MyProjects\VS_Projects\ThoriumEngine\src\build\x64-Development\translations\qt_bg.qm
F:\MyProjects\VS_Projects\ThoriumEngine\src\build\x64-Development\translations\qtbase_bg.qm
F:\MyProjects\VS_Projects\ThoriumEngine\src\build\x64-Development\translations\qt_ca.qm
F:\MyProjects\VS_Projects\ThoriumEngine\src\build\x64-Development\translations\qtbase_ca.qm
F:\MyProjects\VS_Projects\ThoriumEngine\src\build\x64-Development\translations\qt_cs.qm
F:\MyProjects\VS_Projects\ThoriumEngine\src\build\x64-Development\translations\qtbase_cs.qm
F:\MyProjects\VS_Projects\ThoriumEngine\src\build\x64-Development\translations\qt_da.qm
F:\MyProjects\VS_Projects\ThoriumEngine\src\build\x64-Development\translations\qtbase_da.qm
F:\MyProjects\VS_Projects\ThoriumEngine\src\build\x64-Development\translations\qt_de.qm
F:\MyProjects\VS_Projects\ThoriumEngine\src\build\x64-Development\translations\qtbase_de.qm
F:\MyProjects\VS_Projects\ThoriumEngine\src\build\x64-Development\translations\qt_en.qm
F:\MyProjects\VS_Projects\ThoriumEngine\src\build\x64-Development\translations\qtbase_en.qm
F:\MyProjects\VS_Projects\ThoriumEngine\src\build\x64-Development\translations\qt_es.qm
F:\MyProjects\VS_Projects\ThoriumEngine\src\build\x64-Development\translations\qtbase_es.qm
F:\MyProjects\VS_Projects\ThoriumEngine\src\build\x64-Development\translations\qt_fi.qm
F:\MyProjects\VS_Projects\ThoriumEngine\src\build\x64-Development\translations\qtbase_fi.qm
F:\MyProjects\VS_Projects\ThoriumEngine\src\build\x64-Development\translations\qt_fr.qm
F:\MyProjects\VS_Projects\ThoriumEngine\src\build\x64-Development\translations\qtbase_fr.qm
F:\MyProjects\VS_Projects\ThoriumEngine\src\build\x64-Development\translations\qt_gd.qm
F:\MyProjects\VS_Projects\ThoriumEngine\src\build\x64-Development\translations\qtbase_gd.qm
F:\MyProjects\VS_Projects\ThoriumEngine\src\build\x64-Development\translations\qt_he.qm
F:\MyProjects\VS_Projects\ThoriumEngine\src\build\x64-Development\translations\qtbase_he.qm
F:\MyProjects\VS_Projects\ThoriumEngine\src\build\x64-Development\translations\qt_hu.qm
F:\MyProjects\VS_Projects\ThoriumEngine\src\build\x64-Development\translations\qtbase_hu.qm
F:\MyProjects\VS_Projects\ThoriumEngine\src\build\x64-Development\translations\qt_it.qm
F:\MyProjects\VS_Projects\ThoriumEngine\src\build\x64-Development\translations\qtbase_it.qm
F:\MyProjects\VS_Projects\ThoriumEngine\src\build\x64-Development\translations\qt_ja.qm
F:\MyProjects\VS_Projects\ThoriumEngine\src\build\x64-Development\translations\qtbase_ja.qm
F:\MyProjects\VS_Projects\ThoriumEngine\src\build\x64-Development\translations\qt_ko.qm
F:\MyProjects\VS_Projects\ThoriumEngine\src\build\x64-Development\translations\qtbase_ko.qm
F:\MyProjects\VS_Projects\ThoriumEngine\src\build\x64-Development\translations\qt_lv.qm
F:\MyProjects\VS_Projects\ThoriumEngine\src\build\x64-Development\translations\qtbase_lv.qm
F:\MyProjects\VS_Projects\ThoriumEngine\src\build\x64-Development\translations\qt_pl.qm
F:\MyProjects\VS_Projects\ThoriumEngine\src\build\x64-Development\translations\qtbase_pl.qm
F:\MyProjects\VS_Projects\ThoriumEngine\src\build\x64-Development\translations\qt_ru.qm
F:\MyProjects\VS_Projects\ThoriumEngine\src\build\x64-Development\translations\qtbase_ru.qm
F:\MyProjects\VS_Projects\ThoriumEngine\src\build\x64-Development\translations\qt_sk.qm
F:\MyProjects\VS_Projects\ThoriumEngine\src\build\x64-Development\translations\qtbase_sk.qm
F:\MyProjects\VS_Projects\ThoriumEngine\src\build\x64-Development\translations\qt_tr.qm
F:\MyProjects\VS_Projects\ThoriumEngine\src\build\x64-Development\translations\qtbase_tr.qm
F:\MyProjects\VS_Projects\ThoriumEngine\src\build\x64-Development\translations\qt_uk.qm
F:\MyProjects\VS_Projects\ThoriumEngine\src\build\x64-Development\translations\qtbase_uk.qm
F:\MyProjects\VS_Projects\ThoriumEngine\src\build\x64-Development\translations\qt_zh_TW.qm
F:\MyProjects\VS_Projects\ThoriumEngine\src\build\x64-Development\translations\qtbase_zh_TW.qm
