f:\myprojects\vs_projects\thoriumengine\projects\mgsdemo\.project\mgs\intermediate\obj\vc142.pdb
f:\myprojects\vs_projects\thoriumengine\projects\mgsdemo\.project\mgs\intermediate\obj\vc142.idb
f:\myprojects\vs_projects\thoriumengine\projects\mgsdemo\.project\mgs\intermediate\obj\testentity.generated.obj
f:\myprojects\vs_projects\thoriumengine\projects\mgsdemo\.project\mgs\intermediate\obj\mgs.init.obj
f:\myprojects\vs_projects\thoriumengine\projects\mgsdemo\.project\mgs\intermediate\obj\testentity.obj
f:\myprojects\vs_projects\thoriumengine\projects\mgsdemo\.project\mgs\intermediate\obj\mgspawn.obj
f:\myprojects\vs_projects\thoriumengine\projects\mgsdemo\.project\mgs\intermediate\obj\mgsgamemode.obj
f:\myprojects\vs_projects\thoriumengine\projects\mgsdemo\.project\mgs\intermediate\obj\mgspawn.generated.obj
f:\myprojects\vs_projects\thoriumengine\projects\mgsdemo\.project\mgs\intermediate\obj\mgsgamemode.generated.obj
f:\myprojects\vs_projects\thoriumengine\projects\mgsdemo\.project\mgs\intermediate\build\mgs.dll
f:\myprojects\vs_projects\thoriumengine\projects\mgsdemo\.project\mgs\intermediate\obj\mgs.ilk
f:\myprojects\vs_projects\thoriumengine\projects\mgsdemo\.project\mgs\intermediate\build\mgs.pdb
f:\myprojects\vs_projects\thoriumengine\projects\mgsdemo\.project\mgs\intermediate\build\mgs.lib
f:\myprojects\vs_projects\thoriumengine\projects\mgsdemo\.project\mgs\intermediate\build\mgs.exp
f:\myprojects\vs_projects\thoriumengine\projects\mgsdemo\.project\mgs\intermediate\obj\mgs.ipdb
f:\myprojects\vs_projects\thoriumengine\projects\mgsdemo\.project\mgs\intermediate\obj\mgs.iobj
f:\myprojects\vs_projects\thoriumengine\projects\mgsdemo\.project\mgs\intermediate\obj\mgsdemo.tlog\cl.command.1.tlog
f:\myprojects\vs_projects\thoriumengine\projects\mgsdemo\.project\mgs\intermediate\obj\mgsdemo.tlog\cl.read.1.tlog
f:\myprojects\vs_projects\thoriumengine\projects\mgsdemo\.project\mgs\intermediate\obj\mgsdemo.tlog\cl.write.1.tlog
f:\myprojects\vs_projects\thoriumengine\projects\mgsdemo\.project\mgs\intermediate\obj\mgsdemo.tlog\link.command.1.tlog
f:\myprojects\vs_projects\thoriumengine\projects\mgsdemo\.project\mgs\intermediate\obj\mgsdemo.tlog\link.delete.1.tlog
f:\myprojects\vs_projects\thoriumengine\projects\mgsdemo\.project\mgs\intermediate\obj\mgsdemo.tlog\link.read.1.tlog
f:\myprojects\vs_projects\thoriumengine\projects\mgsdemo\.project\mgs\intermediate\obj\mgsdemo.tlog\link.write.1.tlog
f:\myprojects\vs_projects\thoriumengine\projects\mgsdemo\.project\mgs\intermediate\obj\mgsdemo.tlog\mgsdemo.write.1u.tlog
