C:\Program Files (x86)\Microsoft Visual Studio\2019\Community\MSBuild\Microsoft\VC\v160\Microsoft.CppBuild.targets(498,5): warning MSB8004: Intermediate Directory does not end with a trailing slash.  This build instance will add the slash as it is required to allow proper evaluation of the Intermediate Directory.
C:\Program Files (x86)\Microsoft Visual Studio\2019\Community\MSBuild\Microsoft\VC\v160\Microsoft.CppBuild.targets(499,5): warning MSB8004: Output Directory does not end with a trailing slash.  This build instance will add the slash as it is required to allow proper evaluation of the Output Directory.
  Path: F:\MyProjects\VS_Projects\ThoriumEngine\projects\MgsDemo\.project\MGS\intermediate\..\..\MetalGearSolid.thproj
  Running HeaderTool for project: MGS
  MgsGameMode.cpp
  MgsPawn.cpp
  MGS.init.cpp
  MgsGameMode.generated.cpp
  MgsPawn.generated.cpp
  TestEntity.generated.cpp
  TestEntity.cpp
  Generating Code...
MgsGameMode.obj : warning LNK4075: ignoring '/EDITANDCONTINUE' due to '/OPT:ICF' specification
     Creating library build\MGS.lib and object build\MGS.exp
  Generating code
  Previous IPDB not found, fall back to full compilation.
  All 8 functions were compiled because no usable IPDB/IOBJ from previous compilation was found.
  Finished generating code
  MgsDemo.vcxproj -> F:\MyProjects\VS_Projects\ThoriumEngine\projects\MgsDemo\.project\MGS\intermediate\build\MGS.dll
  F:\MyProjects\VS_Projects\ThoriumEngine\projects\MgsDemo\.project\MGS\intermediate\build\MGS.dll
  1 File(s) copied
