f:\myprojects\vs_projects\thoriumengine\src\thoriumengine\intermediate\x64\debug\vc142.pdb
f:\myprojects\vs_projects\thoriumengine\src\thoriumengine\intermediate\x64\debug\vc142.idb
f:\myprojects\vs_projects\thoriumengine\src\thoriumengine\intermediate\x64\debug\texture.generated.obj
f:\myprojects\vs_projects\thoriumengine\src\thoriumengine\intermediate\x64\debug\shader.generated.obj
f:\myprojects\vs_projects\thoriumengine\src\thoriumengine\intermediate\x64\debug\scenecomponent.generated.obj
f:\myprojects\vs_projects\thoriumengine\src\thoriumengine\intermediate\x64\debug\scene.generated.obj
f:\myprojects\vs_projects\thoriumengine\src\thoriumengine\intermediate\x64\debug\playercontroller.generated.obj
f:\myprojects\vs_projects\thoriumengine\src\thoriumengine\intermediate\x64\debug\player.generated.obj
f:\myprojects\vs_projects\thoriumengine\src\thoriumengine\intermediate\x64\debug\pawncontroller.generated.obj
f:\myprojects\vs_projects\thoriumengine\src\thoriumengine\intermediate\x64\debug\pawn.generated.obj
f:\myprojects\vs_projects\thoriumengine\src\thoriumengine\intermediate\x64\debug\object.generated.obj
f:\myprojects\vs_projects\thoriumengine\src\thoriumengine\intermediate\x64\debug\modelcomponent.generated.obj
f:\myprojects\vs_projects\thoriumengine\src\thoriumengine\intermediate\x64\debug\modelasset.generated.obj
f:\myprojects\vs_projects\thoriumengine\src\thoriumengine\intermediate\x64\debug\material.generated.obj
f:\myprojects\vs_projects\thoriumengine\src\thoriumengine\intermediate\x64\debug\lightcomponent.generated.obj
f:\myprojects\vs_projects\thoriumengine\src\thoriumengine\intermediate\x64\debug\gamemode.generated.obj
f:\myprojects\vs_projects\thoriumengine\src\thoriumengine\intermediate\x64\debug\gameinstance.generated.obj
f:\myprojects\vs_projects\thoriumengine\src\thoriumengine\intermediate\x64\debug\entitycomponent.generated.obj
f:\myprojects\vs_projects\thoriumengine\src\thoriumengine\intermediate\x64\debug\entity.generated.obj
f:\myprojects\vs_projects\thoriumengine\src\thoriumengine\intermediate\x64\debug\engine.init.obj
f:\myprojects\vs_projects\thoriumengine\src\thoriumengine\intermediate\x64\debug\cameracomponent.generated.obj
f:\myprojects\vs_projects\thoriumengine\src\thoriumengine\intermediate\x64\debug\asset.generated.obj
f:\myprojects\vs_projects\thoriumengine\src\thoriumengine\intermediate\x64\debug\commandline.obj
f:\myprojects\vs_projects\thoriumengine\src\thoriumengine\intermediate\x64\debug\vectors.obj
f:\myprojects\vs_projects\thoriumengine\src\thoriumengine\intermediate\x64\debug\math.obj
f:\myprojects\vs_projects\thoriumengine\src\thoriumengine\intermediate\x64\debug\world.obj
f:\myprojects\vs_projects\thoriumengine\src\thoriumengine\intermediate\x64\debug\player.obj
f:\myprojects\vs_projects\thoriumengine\src\thoriumengine\intermediate\x64\debug\transformgizmoentity.obj
f:\myprojects\vs_projects\thoriumengine\src\thoriumengine\intermediate\x64\debug\gamemode.obj
f:\myprojects\vs_projects\thoriumengine\src\thoriumengine\intermediate\x64\debug\gameinstance.obj
f:\myprojects\vs_projects\thoriumengine\src\thoriumengine\intermediate\x64\debug\events.obj
f:\myprojects\vs_projects\thoriumengine\src\thoriumengine\intermediate\x64\debug\entitycomponent.obj
f:\myprojects\vs_projects\thoriumengine\src\thoriumengine\intermediate\x64\debug\entity.obj
f:\myprojects\vs_projects\thoriumengine\src\thoriumengine\intermediate\x64\debug\scenecomponent.obj
f:\myprojects\vs_projects\thoriumengine\src\thoriumengine\intermediate\x64\debug\modelcomponent.obj
f:\myprojects\vs_projects\thoriumengine\src\thoriumengine\intermediate\x64\debug\lightcomponent.obj
f:\myprojects\vs_projects\thoriumengine\src\thoriumengine\intermediate\x64\debug\cameracomponent.obj
f:\myprojects\vs_projects\thoriumengine\src\thoriumengine\intermediate\x64\debug\console.obj
f:\myprojects\vs_projects\thoriumengine\src\thoriumengine\intermediate\x64\debug\world.generated.obj
f:\myprojects\vs_projects\thoriumengine\src\thoriumengine\intermediate\x64\debug\vectors.generated.obj
f:\myprojects\vs_projects\thoriumengine\src\thoriumengine\intermediate\x64\debug\transformgizmoentity.generated.obj
f:\myprojects\vs_projects\thoriumengine\src\thoriumengine\intermediate\x64\debug\scene.obj
f:\myprojects\vs_projects\thoriumengine\src\thoriumengine\intermediate\x64\debug\resourcemanager.obj
f:\myprojects\vs_projects\thoriumengine\src\thoriumengine\intermediate\x64\debug\modelasset.obj
f:\myprojects\vs_projects\thoriumengine\src\thoriumengine\intermediate\x64\debug\material.obj
f:\myprojects\vs_projects\thoriumengine\src\thoriumengine\intermediate\x64\debug\asset.obj
f:\myprojects\vs_projects\thoriumengine\src\thoriumengine\intermediate\x64\debug\shaderparser.obj
f:\myprojects\vs_projects\thoriumengine\src\thoriumengine\intermediate\x64\debug\shader.obj
f:\myprojects\vs_projects\thoriumengine\src\thoriumengine\intermediate\x64\debug\renderer.obj
f:\myprojects\vs_projects\thoriumengine\src\thoriumengine\intermediate\x64\debug\rendercommands.obj
f:\myprojects\vs_projects\thoriumengine\src\thoriumengine\intermediate\x64\debug\filesystem.obj
f:\myprojects\vs_projects\thoriumengine\src\thoriumengine\intermediate\x64\debug\profiler.obj
f:\myprojects\vs_projects\thoriumengine\src\thoriumengine\intermediate\x64\debug\directxtexture.obj
f:\myprojects\vs_projects\thoriumengine\src\thoriumengine\intermediate\x64\debug\directxshader.obj
f:\myprojects\vs_projects\thoriumengine\src\thoriumengine\intermediate\x64\debug\directxrenderer.obj
f:\myprojects\vs_projects\thoriumengine\src\thoriumengine\intermediate\x64\debug\directxframebuffer.obj
f:\myprojects\vs_projects\thoriumengine\src\thoriumengine\intermediate\x64\debug\directxbuffers.obj
f:\myprojects\vs_projects\thoriumengine\src\thoriumengine\intermediate\x64\debug\objectmanager.obj
f:\myprojects\vs_projects\thoriumengine\src\thoriumengine\intermediate\x64\debug\object.obj
f:\myprojects\vs_projects\thoriumengine\src\thoriumengine\intermediate\x64\debug\module.obj
f:\myprojects\vs_projects\thoriumengine\src\thoriumengine\intermediate\x64\debug\filehelper.obj
f:\myprojects\vs_projects\thoriumengine\src\thoriumengine\intermediate\x64\debug\window.obj
f:\myprojects\vs_projects\thoriumengine\src\thoriumengine\intermediate\x64\debug\texture.obj
f:\myprojects\vs_projects\thoriumengine\src\thoriumengine\intermediate\x64\debug\stb.obj
f:\myprojects\vs_projects\thoriumengine\src\thoriumengine\intermediate\x64\debug\engine.obj
f:\myprojects\vs_projects\thoriumengine\src\thoriumengine\intermediate\x64\debug\window.generated.obj
f:\myprojects\vs_projects\thoriumengine\src\thoriumengine\intermediate\x64\debug\renderproxies.obj
f:\myprojects\vs_projects\thoriumengine\src\thoriumengine\intermediate\x64\debug\skyboxcomponent.obj
f:\myprojects\vs_projects\thoriumengine\src\thoriumengine\intermediate\x64\debug\skyboxcomponent.generated.obj
f:\myprojects\vs_projects\thoriumengine\src\thoriumengine\intermediate\x64\debug\pointlightcomponent.generated.obj
f:\myprojects\vs_projects\thoriumengine\src\thoriumengine\intermediate\x64\debug\pointlightcomponent.obj
f:\myprojects\vs_projects\thoriumengine\src\thoriumengine\intermediate\x64\debug\modelentity.generated.obj
f:\myprojects\vs_projects\thoriumengine\src\thoriumengine\intermediate\x64\debug\buffers.generated.obj
f:\myprojects\vs_projects\thoriumengine\src\thoriumengine\intermediate\x64\debug\modelentity.obj
f:\myprojects\vs_projects\thoriumengine\src\thoriumengine\intermediate\x64\debug\pointlightentity.generated.obj
f:\myprojects\vs_projects\thoriumengine\src\thoriumengine\intermediate\x64\debug\billboardcomponent.generated.obj
f:\myprojects\vs_projects\thoriumengine\src\thoriumengine\intermediate\x64\debug\pointlightentity.obj
f:\myprojects\vs_projects\thoriumengine\src\thoriumengine\intermediate\x64\debug\billboardcomponent.obj
f:\myprojects\vs_projects\thoriumengine\src\thoriumengine\intermediate\x64\debug\pawncontroller.obj
f:\myprojects\vs_projects\thoriumengine\src\thoriumengine\intermediate\x64\debug\pawn.obj
f:\myprojects\vs_projects\thoriumengine\src\thoriumengine\intermediate\x64\debug\objecthandle.generated.obj
f:\myprojects\vs_projects\thoriumengine\src\thoriumengine\intermediate\x64\debug\engine.generated.obj
f:\myprojects\vs_projects\thoriumengine\src\thoriumengine\intermediate\x64\debug\sunlightentity.generated.obj
f:\myprojects\vs_projects\thoriumengine\src\thoriumengine\intermediate\x64\debug\sunlightcomponent.generated.obj
f:\myprojects\vs_projects\thoriumengine\src\thoriumengine\intermediate\x64\debug\playerstart.generated.obj
f:\myprojects\vs_projects\thoriumengine\src\thoriumengine\intermediate\x64\debug\objecthandle.obj
f:\myprojects\vs_projects\thoriumengine\src\thoriumengine\intermediate\x64\debug\sunlightentity.obj
f:\myprojects\vs_projects\thoriumengine\src\thoriumengine\intermediate\x64\debug\playerstart.obj
f:\myprojects\vs_projects\thoriumengine\src\thoriumengine\intermediate\x64\debug\sunlightcomponent.obj
f:\myprojects\vs_projects\thoriumengine\src\thoriumengine\intermediate\x64\debug\timer.obj
f:\myprojects\vs_projects\thoriumengine\src\thoriumengine\intermediate\x64\debug\inputmanager.obj
f:\myprojects\vs_projects\thoriumengine\src\thoriumengine\intermediate\x64\debug\bounds.obj
f:\myprojects\vs_projects\thoriumengine\src\thoriumengine\intermediate\x64\debug\inputmanager.generated.obj
f:\myprojects\vs_projects\thoriumengine\src\thoriumengine\intermediate\x64\debug\bounds.generated.obj
f:\myprojects\vs_projects\thoriumengine\src\thoriumengine\intermediate\x64\debug\class.obj
f:\myprojects\vs_projects\thoriumengine\src\thoriumengine\intermediate\x64\debug\canvas.generated.obj
f:\myprojects\vs_projects\thoriumengine\src\thoriumengine\intermediate\x64\debug\widget.generated.obj
f:\myprojects\vs_projects\thoriumengine\src\thoriumengine\intermediate\x64\debug\canvas.obj
f:\myprojects\vs_projects\thoriumengine\src\thoriumengine\intermediate\x64\debug\widget.obj
f:\myprojects\vs_projects\thoriumengine\src\thoriumengine\intermediate\x64\debug\engine.ilk
f:\myprojects\vs_projects\thoriumengine\src\build\x64-debug\engine.dll
f:\myprojects\vs_projects\thoriumengine\src\build\x64-debug\engine.pdb
f:\myprojects\vs_projects\thoriumengine\src\build\x64-debug\engine.lib
f:\myprojects\vs_projects\thoriumengine\src\build\x64-debug\engine.exp
f:\myprojects\vs_projects\thoriumengine\src\build\x64-debug\engine.ilk
f:\myprojects\vs_projects\thoriumengine\src\thoriumengine\intermediate\x64\debug\thoriumengine.tlog\cl.command.1.tlog
f:\myprojects\vs_projects\thoriumengine\src\thoriumengine\intermediate\x64\debug\thoriumengine.tlog\cl.read.1.tlog
f:\myprojects\vs_projects\thoriumengine\src\thoriumengine\intermediate\x64\debug\thoriumengine.tlog\cl.write.1.tlog
f:\myprojects\vs_projects\thoriumengine\src\thoriumengine\intermediate\x64\debug\thoriumengine.tlog\link.10076.delete.1.tlog
f:\myprojects\vs_projects\thoriumengine\src\thoriumengine\intermediate\x64\debug\thoriumengine.tlog\link.10108.delete.1.tlog
f:\myprojects\vs_projects\thoriumengine\src\thoriumengine\intermediate\x64\debug\thoriumengine.tlog\link.10232.delete.1.tlog
f:\myprojects\vs_projects\thoriumengine\src\thoriumengine\intermediate\x64\debug\thoriumengine.tlog\link.11412.delete.1.tlog
f:\myprojects\vs_projects\thoriumengine\src\thoriumengine\intermediate\x64\debug\thoriumengine.tlog\link.12784.delete.1.tlog
f:\myprojects\vs_projects\thoriumengine\src\thoriumengine\intermediate\x64\debug\thoriumengine.tlog\link.13112.delete.1.tlog
f:\myprojects\vs_projects\thoriumengine\src\thoriumengine\intermediate\x64\debug\thoriumengine.tlog\link.13696.delete.1.tlog
f:\myprojects\vs_projects\thoriumengine\src\thoriumengine\intermediate\x64\debug\thoriumengine.tlog\link.1444.delete.1.tlog
f:\myprojects\vs_projects\thoriumengine\src\thoriumengine\intermediate\x64\debug\thoriumengine.tlog\link.14492.delete.1.tlog
f:\myprojects\vs_projects\thoriumengine\src\thoriumengine\intermediate\x64\debug\thoriumengine.tlog\link.14832.delete.1.tlog
f:\myprojects\vs_projects\thoriumengine\src\thoriumengine\intermediate\x64\debug\thoriumengine.tlog\link.1504.delete.1.tlog
f:\myprojects\vs_projects\thoriumengine\src\thoriumengine\intermediate\x64\debug\thoriumengine.tlog\link.18004.delete.1.tlog
f:\myprojects\vs_projects\thoriumengine\src\thoriumengine\intermediate\x64\debug\thoriumengine.tlog\link.18068.delete.1.tlog
f:\myprojects\vs_projects\thoriumengine\src\thoriumengine\intermediate\x64\debug\thoriumengine.tlog\link.18976.delete.1.tlog
f:\myprojects\vs_projects\thoriumengine\src\thoriumengine\intermediate\x64\debug\thoriumengine.tlog\link.19464.delete.1.tlog
f:\myprojects\vs_projects\thoriumengine\src\thoriumengine\intermediate\x64\debug\thoriumengine.tlog\link.20036.delete.1.tlog
f:\myprojects\vs_projects\thoriumengine\src\thoriumengine\intermediate\x64\debug\thoriumengine.tlog\link.20736.delete.1.tlog
f:\myprojects\vs_projects\thoriumengine\src\thoriumengine\intermediate\x64\debug\thoriumengine.tlog\link.20924.delete.1.tlog
f:\myprojects\vs_projects\thoriumengine\src\thoriumengine\intermediate\x64\debug\thoriumengine.tlog\link.20936.delete.1.tlog
f:\myprojects\vs_projects\thoriumengine\src\thoriumengine\intermediate\x64\debug\thoriumengine.tlog\link.21192.delete.1.tlog
f:\myprojects\vs_projects\thoriumengine\src\thoriumengine\intermediate\x64\debug\thoriumengine.tlog\link.22768.delete.1.tlog
f:\myprojects\vs_projects\thoriumengine\src\thoriumengine\intermediate\x64\debug\thoriumengine.tlog\link.22892.delete.1.tlog
f:\myprojects\vs_projects\thoriumengine\src\thoriumengine\intermediate\x64\debug\thoriumengine.tlog\link.23408.delete.1.tlog
f:\myprojects\vs_projects\thoriumengine\src\thoriumengine\intermediate\x64\debug\thoriumengine.tlog\link.23932.delete.1.tlog
f:\myprojects\vs_projects\thoriumengine\src\thoriumengine\intermediate\x64\debug\thoriumengine.tlog\link.24704.delete.1.tlog
f:\myprojects\vs_projects\thoriumengine\src\thoriumengine\intermediate\x64\debug\thoriumengine.tlog\link.24804.delete.1.tlog
f:\myprojects\vs_projects\thoriumengine\src\thoriumengine\intermediate\x64\debug\thoriumengine.tlog\link.24984.delete.1.tlog
f:\myprojects\vs_projects\thoriumengine\src\thoriumengine\intermediate\x64\debug\thoriumengine.tlog\link.25116.delete.1.tlog
f:\myprojects\vs_projects\thoriumengine\src\thoriumengine\intermediate\x64\debug\thoriumengine.tlog\link.25296.delete.1.tlog
f:\myprojects\vs_projects\thoriumengine\src\thoriumengine\intermediate\x64\debug\thoriumengine.tlog\link.25412.delete.1.tlog
f:\myprojects\vs_projects\thoriumengine\src\thoriumengine\intermediate\x64\debug\thoriumengine.tlog\link.25432.delete.1.tlog
f:\myprojects\vs_projects\thoriumengine\src\thoriumengine\intermediate\x64\debug\thoriumengine.tlog\link.26304.delete.1.tlog
f:\myprojects\vs_projects\thoriumengine\src\thoriumengine\intermediate\x64\debug\thoriumengine.tlog\link.27052.delete.1.tlog
f:\myprojects\vs_projects\thoriumengine\src\thoriumengine\intermediate\x64\debug\thoriumengine.tlog\link.27592.delete.1.tlog
f:\myprojects\vs_projects\thoriumengine\src\thoriumengine\intermediate\x64\debug\thoriumengine.tlog\link.27888.delete.1.tlog
f:\myprojects\vs_projects\thoriumengine\src\thoriumengine\intermediate\x64\debug\thoriumengine.tlog\link.28036.delete.1.tlog
f:\myprojects\vs_projects\thoriumengine\src\thoriumengine\intermediate\x64\debug\thoriumengine.tlog\link.28736.delete.1.tlog
f:\myprojects\vs_projects\thoriumengine\src\thoriumengine\intermediate\x64\debug\thoriumengine.tlog\link.31388.delete.1.tlog
f:\myprojects\vs_projects\thoriumengine\src\thoriumengine\intermediate\x64\debug\thoriumengine.tlog\link.31692.delete.1.tlog
f:\myprojects\vs_projects\thoriumengine\src\thoriumengine\intermediate\x64\debug\thoriumengine.tlog\link.31740.delete.1.tlog
f:\myprojects\vs_projects\thoriumengine\src\thoriumengine\intermediate\x64\debug\thoriumengine.tlog\link.32028.delete.1.tlog
f:\myprojects\vs_projects\thoriumengine\src\thoriumengine\intermediate\x64\debug\thoriumengine.tlog\link.32720.delete.1.tlog
f:\myprojects\vs_projects\thoriumengine\src\thoriumengine\intermediate\x64\debug\thoriumengine.tlog\link.33148.delete.1.tlog
f:\myprojects\vs_projects\thoriumengine\src\thoriumengine\intermediate\x64\debug\thoriumengine.tlog\link.33676.delete.1.tlog
f:\myprojects\vs_projects\thoriumengine\src\thoriumengine\intermediate\x64\debug\thoriumengine.tlog\link.34288.delete.1.tlog
f:\myprojects\vs_projects\thoriumengine\src\thoriumengine\intermediate\x64\debug\thoriumengine.tlog\link.35984.delete.1.tlog
f:\myprojects\vs_projects\thoriumengine\src\thoriumengine\intermediate\x64\debug\thoriumengine.tlog\link.3672.delete.1.tlog
f:\myprojects\vs_projects\thoriumengine\src\thoriumengine\intermediate\x64\debug\thoriumengine.tlog\link.38012.delete.1.tlog
f:\myprojects\vs_projects\thoriumengine\src\thoriumengine\intermediate\x64\debug\thoriumengine.tlog\link.41156.delete.1.tlog
f:\myprojects\vs_projects\thoriumengine\src\thoriumengine\intermediate\x64\debug\thoriumengine.tlog\link.44112.delete.1.tlog
f:\myprojects\vs_projects\thoriumengine\src\thoriumengine\intermediate\x64\debug\thoriumengine.tlog\link.44268.delete.1.tlog
f:\myprojects\vs_projects\thoriumengine\src\thoriumengine\intermediate\x64\debug\thoriumengine.tlog\link.44632.delete.1.tlog
f:\myprojects\vs_projects\thoriumengine\src\thoriumengine\intermediate\x64\debug\thoriumengine.tlog\link.45364.delete.1.tlog
f:\myprojects\vs_projects\thoriumengine\src\thoriumengine\intermediate\x64\debug\thoriumengine.tlog\link.46128.delete.1.tlog
f:\myprojects\vs_projects\thoriumengine\src\thoriumengine\intermediate\x64\debug\thoriumengine.tlog\link.48068.delete.1.tlog
f:\myprojects\vs_projects\thoriumengine\src\thoriumengine\intermediate\x64\debug\thoriumengine.tlog\link.49576.delete.1.tlog
f:\myprojects\vs_projects\thoriumengine\src\thoriumengine\intermediate\x64\debug\thoriumengine.tlog\link.54028.delete.1.tlog
f:\myprojects\vs_projects\thoriumengine\src\thoriumengine\intermediate\x64\debug\thoriumengine.tlog\link.55560.delete.1.tlog
f:\myprojects\vs_projects\thoriumengine\src\thoriumengine\intermediate\x64\debug\thoriumengine.tlog\link.57768.delete.1.tlog
f:\myprojects\vs_projects\thoriumengine\src\thoriumengine\intermediate\x64\debug\thoriumengine.tlog\link.61772.delete.1.tlog
f:\myprojects\vs_projects\thoriumengine\src\thoriumengine\intermediate\x64\debug\thoriumengine.tlog\link.62560.delete.1.tlog
f:\myprojects\vs_projects\thoriumengine\src\thoriumengine\intermediate\x64\debug\thoriumengine.tlog\link.66424.delete.1.tlog
f:\myprojects\vs_projects\thoriumengine\src\thoriumengine\intermediate\x64\debug\thoriumengine.tlog\link.66676.delete.1.tlog
f:\myprojects\vs_projects\thoriumengine\src\thoriumengine\intermediate\x64\debug\thoriumengine.tlog\link.70864.delete.1.tlog
f:\myprojects\vs_projects\thoriumengine\src\thoriumengine\intermediate\x64\debug\thoriumengine.tlog\link.75940.delete.1.tlog
f:\myprojects\vs_projects\thoriumengine\src\thoriumengine\intermediate\x64\debug\thoriumengine.tlog\link.79488.delete.1.tlog
f:\myprojects\vs_projects\thoriumengine\src\thoriumengine\intermediate\x64\debug\thoriumengine.tlog\link.80552.delete.1.tlog
f:\myprojects\vs_projects\thoriumengine\src\thoriumengine\intermediate\x64\debug\thoriumengine.tlog\link.84716.delete.1.tlog
f:\myprojects\vs_projects\thoriumengine\src\thoriumengine\intermediate\x64\debug\thoriumengine.tlog\link.9828.delete.1.tlog
f:\myprojects\vs_projects\thoriumengine\src\thoriumengine\intermediate\x64\debug\thoriumengine.tlog\link.command.1.tlog
f:\myprojects\vs_projects\thoriumengine\src\thoriumengine\intermediate\x64\debug\thoriumengine.tlog\link.delete.1.tlog
f:\myprojects\vs_projects\thoriumengine\src\thoriumengine\intermediate\x64\debug\thoriumengine.tlog\link.read.1.tlog
f:\myprojects\vs_projects\thoriumengine\src\thoriumengine\intermediate\x64\debug\thoriumengine.tlog\link.write.1.tlog
f:\myprojects\vs_projects\thoriumengine\src\thoriumengine\intermediate\x64\debug\thoriumengine.tlog\thoriumengine.write.1u.tlog
